Payload: 
{
    "ClientId": 0,
    "Name": "Sujon new test2",
    "FirstName": "Sujon new",
    "LastName": "test2",
    "Email": "sujon@gmail.com",
    "Phone": "012815891",
    "MiddleName": null,
    "DateOfBirth": null,
    "MaritalStatus": null,
    "Gender": null,
    "Archived": false,
    "HomePhone": "012815891",
    "WorkPhone": null,
    "MobilePhone": null,
    "Address": "new york",
    "UnitNumber": null,
    "StreetAddress": "new york",
    "City": "new york",
    "StateShort": "NY",
    "Country": "US",
    "PostalCode": "10001",
    "PractitionerId": null,
    "AdditionalInformation": null,
    "PrimaryInsuranceCompany": null,
    "PrimaryInsurancePolicyNumber": null,
    "PrimaryInsuranceGroupNumber": null,
    "PrimaryInsuranceHolderName": null,
    "PrimaryInsuranceRelationship": null,
    "PrimaryInsuranceHolderDateOfBirth": null,
    "SecondaryInsuranceCompany": null,
    "SecondaryInsurancePolicyNumber": null,
    "SecondaryInsuranceGroupNumber": null,
    "SecondaryInsuranceHolderName": null,
    "SecondaryInsuranceRelationship": null,
    "SecondaryInsuranceHolderDateOfBirth": null,
    "DateCreated": 1727068737000,
    "LastActivityDate": 1727068737000,
    "StripeCustomerId": null,
    "SquareCustomerId": null,
    "ExternalClientId": null,
    "CustomFields": [
        {
            "FieldId": "packageName",
            "Text": "Package Name",
            "Value": "Life Coaching 4 Month Plan"
        },
        {
            "FieldId": "packageId",
            "Text": "Package ID",
            "Value": "packageid123"
        }
    ]
} - 2024-09-23 05:18:57

Response: 
{
    "ClientId": 31,
    "Name": "Sujon new Test2",
    "FirstName": "Sujon new",
    "LastName": "test2",
    "MiddleName": null,
    "Email": "sujon@gmail.com",
    "Phone": "012815891",
    "DateOfBirth": null,
    "MaritalStatus": null,
    "Gender": null,
    "Tags": [],
    "Archived": false,
    "HomePhone": "012815891",
    "WorkPhone": null,
    "MobilePhone": "012815891",
    "Address": "new york",
    "UnitNumber": null,
    "StreetAddress": "new york",
    "City": "new york",
    "State": null,
    "PostalCode": "10001",
    "Country": "US",
    "StateShort": "NY",
    "AdditionalInformation": null,
    "BillingType": 0,
    "PrimaryInsuranceCompany": null,
    "PrimaryInsurancePayerId": null,
    "PrimaryInsurancePolicyNumber": null,
    "PrimaryInsuranceGroupNumber": null,
    "PrimaryInsuranceHolderName": null,
    "PrimaryInsuranceRelationship": null,
    "PrimaryInsuranceHolderDateOfBirth": null,
    "PrimaryRelationshipToInsured": null,
    "SecondaryInsuranceCompany": null,
    "SecondaryInsurancePayerId": null,
    "SecondaryInsurancePolicyNumber": null,
    "SecondaryInsuranceGroupNumber": null,
    "SecondaryInsuranceHolderName": null,
    "SecondaryInsuranceRelationship": null,
    "SecondaryInsuranceHolderDateOfBirth": null,
    "SecondaryRelationshipToInsured": null,
    "DateCreated": 1727068738683.1565,
    "LastActivityDate": 1727068738683.1565,
    "PractitionerId": "65f4bf7e335c301f993bfb7e",
    "CustomFields": [
        {
            "FieldId": "EmergencyContactName",
            "Text": "Emergency Contact Name",
            "Value": null
        },
        {
            "FieldId": "EmergencyContactPhone",
            "Text": "Emergency Contact Phone #",
            "Value": null
        },
        {
            "FieldId": "EmergencyContactRelationship",
            "Text": "Emergency Contact Relationship",
            "Value": null
        }
    ],
    "Guid": "94dd9bbd-fd1a-4de3-bad4-8994e6ff169c",
    "LastUpdateDate": 1727068738683.1565,
    "StripeCustomerId": null,
    "SquareCustomerId": null,
    "TimezoneId": null,
    "PrimaryInsurancePlan": null,
    "PrimaryInsuredGender": null,
    "PrimaryInsuredCity": null,
    "PrimaryInsuredZipCode": null,
    "PrimaryInsuredState": null,
    "PrimaryInsuredStreetAddress": null,
    "ExternalClientId": null,
    "CreditBalance": 0,
    "LastActivityName": "Client Added",
    "ParentClientId": null,
    "LinkedClients": []
} - 2024-09-23 05:18:58

